Started at [2016/09/19 09:32]
Config file is /home/eflyax/git/inColor/zizcon/app/config/deploy/deployment.ini

Deploying my site
WARNING: the "local" path is now relative to the directory where deployment.ini is placed
Connecting to server
Loaded remote .deployment file
Scanning files in /home/eflyax/git/inColor/zizcon
Ignoring ./.gitlab-ci.yml               
Ignoring ./log                          
Ignoring ./.gitignore                   
Ignoring ./Deployment/.gitignore        
Ignoring ./.git                         
Ignoring ./temp/proxies                 
Ignoring ./temp/btfj.dat                
Ignoring ./temp/cache                   
Ignoring ./vendor/symfony/console/.gitignore
Ignoring ./vendor/dg/ftp-deployment/.gitignore
Ignoring ./vendor/doctrine/collections/.gitignore
Ignoring ./vendor/doctrine/inflector/.gitignore
Ignoring ./vendor/doctrine/instantiator/.gitignore
Ignoring ./vendor/doctrine/cache/.gitignore
Creating remote file .deployment.running

Uploading:
(1 of 4) /app/frontModule/templates/Program/default.latte
